<?xml version="1.0" encoding="UTF-8"?>
<!-- Generated by org.testng.reporters.JUnitReportReporter -->
<testsuite hostname="LAPTOP-P38PQ0KU" failures="0" tests="1" name="ca.orbit5.project.OrderCompleteTest" time="87.692" errors="0" timestamp="2023-05-03T17:22:01 EDT" skipped="0">
  <testcase classname="ca.orbit5.project.OrderCompleteTest" name="endtoEndTest" time="87.692"/>
  <system-out/>
</testsuite> <!-- ca.orbit5.project.OrderCompleteTest -->
