<?xml version="1.0" encoding="UTF-8"?>
<!-- Generated by org.testng.reporters.JUnitReportReporter -->
<testsuite hostname="LAPTOP-P38PQ0KU" failures="0" tests="2" name="TestNG.Annotation" time="8.215" errors="0" timestamp="2022-12-18T11:43:17 EST" skipped="0">
  <testcase classname="TestNG.Annotation" name="open" time="2.886"/>
  <system-out/>
  <testcase classname="TestNG.Annotation" name="art" time="5.329"/>
  <system-out/>
</testsuite> <!-- TestNG.Annotation -->
